{"level":"debug","message":"--- Insert post into db ---","timestamp":"2022-07-30T11:46:18.423Z"}
{"level":"debug","message":[{"createdAt":"2022-07-04T07:16:38.315Z","id":1,"title":"First Post !!!","updatedAt":"2022-07-04T07:16:38.315Z"},{"createdAt":"2022-07-04T09:16:17.579Z","id":2,"title":"First Post !!!","updatedAt":"2022-07-04T09:16:17.579Z"},{"createdAt":"2022-07-04T11:12:00.434Z","id":3,"title":"Post from debugger","updatedAt":"2022-07-04T11:12:00.434Z"}],"timestamp":"2022-07-30T11:46:18.453Z"}
{"level":"debug","message":"Server Started at Port 8080","timestamp":"2022-07-30T11:46:18.780Z"}
{"level":"debug","message":"Server running on 7000 port","timestamp":"2022-07-30T11:46:18.783Z"}
{"level":"debug","message":"Connected to redis","timestamp":"2022-07-30T11:46:18.794Z"}
{"level":"info","message":"GET /graphql 200 - - 11.922 ms\n-\n","timestamp":"2022-07-30T11:47:26.364Z"}
{"level":"info","message":"POST /graphql 200 25812 - 110.892 ms\n-\n","timestamp":"2022-07-30T11:47:35.585Z"}
{"level":"info","message":"POST /graphql 200 25812 - 25.883 ms\n-\n","timestamp":"2022-07-30T11:47:36.613Z"}
{"level":"info","message":"POST /graphql 200 26824 - 41.946 ms\n-\n","timestamp":"2022-07-30T11:47:36.785Z"}
{"level":"info","message":"POST /graphql 200 26824 - 20.074 ms\n-\n","timestamp":"2022-07-30T11:47:37.805Z"}
{"level":"info","message":"POST /graphql 200 26824 - 14.052 ms\n-\n","timestamp":"2022-07-30T11:47:38.771Z"}
{"level":"info","message":"POST /graphql 200 26824 - 33.107 ms\n-\n","timestamp":"2022-07-30T11:47:39.787Z"}
{"level":"info","message":"POST /graphql 200 26824 - 14.358 ms\n-\n","timestamp":"2022-07-30T11:47:40.765Z"}
{"level":"info","message":"POST /graphql 200 26824 - 34.821 ms\n-\n","timestamp":"2022-07-30T11:47:41.794Z"}
{"level":"info","message":"POST /graphql 200 26824 - 13.691 ms\n-\n","timestamp":"2022-07-30T11:47:42.780Z"}
{"level":"info","message":"POST /graphql 200 26824 - 17.813 ms\n-\n","timestamp":"2022-07-30T11:47:43.770Z"}
{"level":"info","message":"POST /graphql 200 26824 - 12.201 ms\n-\n","timestamp":"2022-07-30T11:47:45.051Z"}
{"level":"info","message":"POST /graphql 200 26824 - 27.664 ms\n-\n","timestamp":"2022-07-30T11:47:45.802Z"}
{"level":"info","message":"POST /graphql 200 26824 - 19.832 ms\n-\n","timestamp":"2022-07-30T11:47:46.781Z"}
{"level":"info","message":"POST /graphql 200 26824 - 17.404 ms\n-\n","timestamp":"2022-07-30T11:47:47.769Z"}
{"level":"info","message":"POST /graphql 200 26824 - 11.134 ms\n-\n","timestamp":"2022-07-30T11:47:48.858Z"}
{"level":"info","message":"POST /graphql 200 26824 - 27.115 ms\n-\n","timestamp":"2022-07-30T11:47:49.792Z"}
{"level":"info","message":"POST /graphql 200 26824 - 8.085 ms\n-\n","timestamp":"2022-07-30T11:47:50.758Z"}
{"level":"info","message":"POST /graphql 200 25812 - 22.003 ms\n-\n","timestamp":"2022-07-30T11:47:55.477Z"}
{"level":"info","message":"POST /graphql 200 26824 - 16.190 ms\n-\n","timestamp":"2022-07-30T11:47:55.677Z"}
{"level":"info","message":"POST /graphql 200 26824 - 8.320 ms\n-\n","timestamp":"2022-07-30T11:47:57.294Z"}
{"level":"info","message":"POST /graphql 200 26824 - 14.566 ms\n-\n","timestamp":"2022-07-30T11:47:57.693Z"}
{"level":"info","message":"POST /graphql 200 26824 - 12.096 ms\n-\n","timestamp":"2022-07-30T11:47:58.702Z"}
{"level":"info","message":"POST /graphql 200 26824 - 29.287 ms\n-\n","timestamp":"2022-07-30T11:47:59.714Z"}
{"level":"info","message":"POST /graphql 200 26824 - 38.946 ms\n-\n","timestamp":"2022-07-30T11:48:00.730Z"}
{"level":"info","message":"POST /graphql 200 26824 - 14.127 ms\n-\n","timestamp":"2022-07-30T11:48:01.689Z"}
{"level":"info","message":"POST /graphql 200 26824 - 24.683 ms\n-\n","timestamp":"2022-07-30T11:48:02.695Z"}
{"level":"info","message":"POST /graphql 200 26824 - 16.132 ms\n-\n","timestamp":"2022-07-30T11:48:03.687Z"}
{"level":"info","message":"POST /graphql 200 26824 - 14.572 ms\n-\n","timestamp":"2022-07-30T11:48:04.683Z"}
{"level":"info","message":"POST /graphql 200 26824 - 19.865 ms\n-\n","timestamp":"2022-07-30T11:48:05.690Z"}
{"level":"info","message":"POST /graphql 200 26824 - 29.755 ms\n-\n","timestamp":"2022-07-30T11:48:06.708Z"}
{"level":"info","message":"POST /graphql 200 26824 - 27.767 ms\n-\n","timestamp":"2022-07-30T11:48:07.704Z"}
{"level":"info","message":"POST /graphql 200 26824 - 24.786 ms\n-\n","timestamp":"2022-07-30T11:48:08.695Z"}
{"level":"info","message":"POST /graphql 200 26824 - 15.840 ms\n-\n","timestamp":"2022-07-30T11:48:09.694Z"}
{"level":"info","message":"POST /graphql 200 26824 - 21.469 ms\n-\n","timestamp":"2022-07-30T11:48:10.699Z"}
{"level":"info","message":"POST /graphql 200 26824 - 16.358 ms\n-\n","timestamp":"2022-07-30T11:48:11.694Z"}
{"level":"info","message":"POST /graphql 200 26824 - 13.782 ms\n-\n","timestamp":"2022-07-30T11:48:12.687Z"}
{"level":"info","message":"POST /graphql 200 26824 - 16.886 ms\n-\n","timestamp":"2022-07-30T11:48:13.720Z"}
{"level":"info","message":"POST /graphql 200 26824 - 8.166 ms\n-\n","timestamp":"2022-07-30T11:48:14.794Z"}
{"level":"info","message":"POST /graphql 200 26824 - 7.485 ms\n-\n","timestamp":"2022-07-30T11:48:15.671Z"}
{"level":"info","message":"POST /graphql 200 26824 - 16.641 ms\n-\n","timestamp":"2022-07-30T11:48:16.691Z"}
{"level":"info","message":"POST /graphql 200 26824 - 22.592 ms\n-\n","timestamp":"2022-07-30T11:48:17.696Z"}
{"level":"info","message":"POST /graphql 200 26824 - 16.229 ms\n-\n","timestamp":"2022-07-30T11:48:18.806Z"}
{"level":"info","message":"POST /graphql 200 26824 - 15.424 ms\n-\n","timestamp":"2022-07-30T11:48:19.687Z"}
{"level":"info","message":"POST /graphql 200 26824 - 19.046 ms\n-\n","timestamp":"2022-07-30T11:48:20.694Z"}
{"level":"info","message":"POST /graphql 200 26824 - 12.651 ms\n-\n","timestamp":"2022-07-30T11:48:21.684Z"}
{"level":"info","message":"POST /graphql 200 26824 - 14.278 ms\n-\n","timestamp":"2022-07-30T11:48:22.688Z"}
{"level":"info","message":"POST /graphql 200 26824 - 39.859 ms\n-\n","timestamp":"2022-07-30T11:48:23.727Z"}
{"level":"info","message":"POST /graphql 200 26824 - 13.110 ms\n-\n","timestamp":"2022-07-30T11:48:24.758Z"}
{"level":"debug","message":"--- Insert post into db ---","timestamp":"2022-07-30T11:50:47.398Z"}
{"level":"debug","message":[{"createdAt":"2022-07-04T07:16:38.315Z","id":1,"title":"First Post !!!","updatedAt":"2022-07-04T07:16:38.315Z"},{"createdAt":"2022-07-04T09:16:17.579Z","id":2,"title":"First Post !!!","updatedAt":"2022-07-04T09:16:17.579Z"},{"createdAt":"2022-07-04T11:12:00.434Z","id":3,"title":"Post from debugger","updatedAt":"2022-07-04T11:12:00.434Z"}],"timestamp":"2022-07-30T11:50:47.450Z"}
{"level":"debug","message":"Server Started at Port 8080","timestamp":"2022-07-30T11:50:47.705Z"}
{"level":"debug","message":"Server running on 7000 port","timestamp":"2022-07-30T11:50:47.706Z"}
{"level":"debug","message":"Connected to redis","timestamp":"2022-07-30T11:50:47.713Z"}
{"level":"info","message":"POST /graphql 200 26824 - 313.554 ms\n-\n","timestamp":"2022-07-30T11:51:15.567Z"}
{"level":"info","message":"POST /graphql 200 26824 - 120.552 ms\n-\n","timestamp":"2022-07-30T11:51:16.277Z"}
{"level":"debug","message":"--- Insert post into db ---","timestamp":"2022-07-30T11:54:17.413Z"}
{"level":"debug","message":[{"createdAt":"2022-07-04T07:16:38.315Z","id":1,"title":"First Post !!!","updatedAt":"2022-07-04T07:16:38.315Z"},{"createdAt":"2022-07-04T09:16:17.579Z","id":2,"title":"First Post !!!","updatedAt":"2022-07-04T09:16:17.579Z"},{"createdAt":"2022-07-04T11:12:00.434Z","id":3,"title":"Post from debugger","updatedAt":"2022-07-04T11:12:00.434Z"}],"timestamp":"2022-07-30T11:54:17.438Z"}
{"level":"debug","message":"Server Started at Port 8080","timestamp":"2022-07-30T11:54:17.696Z"}
{"level":"debug","message":"Server running on 7000 port","timestamp":"2022-07-30T11:54:17.698Z"}
{"level":"debug","message":"Connected to redis","timestamp":"2022-07-30T11:54:17.705Z"}
{"level":"info","message":"POST /graphql 200 26824 - 127.491 ms\n-\n","timestamp":"2022-07-30T11:54:23.432Z"}
{"level":"info","message":"POST /graphql 200 26824 - 40.406 ms\n-\n","timestamp":"2022-07-30T11:54:24.282Z"}
{"level":"debug","message":"--- Insert post into db ---","timestamp":"2022-07-30T11:54:54.159Z"}
{"level":"debug","message":[{"createdAt":"2022-07-04T07:16:38.315Z","id":1,"title":"First Post !!!","updatedAt":"2022-07-04T07:16:38.315Z"},{"createdAt":"2022-07-04T09:16:17.579Z","id":2,"title":"First Post !!!","updatedAt":"2022-07-04T09:16:17.579Z"},{"createdAt":"2022-07-04T11:12:00.434Z","id":3,"title":"Post from debugger","updatedAt":"2022-07-04T11:12:00.434Z"}],"timestamp":"2022-07-30T11:54:54.188Z"}
{"level":"debug","message":"Server Started at Port 8080","timestamp":"2022-07-30T11:54:54.480Z"}
{"level":"debug","message":"Server running on 7000 port","timestamp":"2022-07-30T11:54:54.482Z"}
{"level":"debug","message":"Connected to redis","timestamp":"2022-07-30T11:54:54.492Z"}
{"level":"info","message":"POST /graphql 200 26824 - 200.729 ms\n-\n","timestamp":"2022-07-30T11:55:02.366Z"}
{"level":"info","message":"POST /graphql 200 26824 - 34.859 ms\n-\n","timestamp":"2022-07-30T11:55:03.150Z"}
{"level":"info","message":"POST /graphql 200 26824 - 17.816 ms\n-\n","timestamp":"2022-07-30T11:55:04.374Z"}
{"level":"info","message":"POST /graphql 200 26824 - 14.817 ms\n-\n","timestamp":"2022-07-30T11:55:05.124Z"}
{"level":"info","message":"POST /graphql 200 26824 - 14.383 ms\n-\n","timestamp":"2022-07-30T11:55:06.180Z"}
{"level":"debug","message":{"accepted":["badsha@dollarbull.com"],"envelope":{"from":"foo@example.com","to":["badsha@dollarbull.com"]},"envelopeTime":411,"messageId":"<49287409-c629-837f-0f85-edef0df964c5@example.com>","messageSize":416,"messageTime":347,"rejected":[],"response":"250 Accepted [STATUS=new MSGID=YuFPF5.i.1zoNmB0YuUcG2TcOrtHgLMmAAAAKpHtAQH.bfQw5yVZnnD.CYI]"},"timestamp":"2022-07-30T11:55:06.916Z"}
{"level":"debug","message":"<49287409-c629-837f-0f85-edef0df964c5@example.com>","timestamp":"2022-07-30T11:55:06.926Z"}
{"level":"debug","message":"https://ethereal.email/message/YuFPF5.i.1zoNmB0YuUcG2TcOrtHgLMmAAAAKpHtAQH.bfQw5yVZnnD.CYI","timestamp":"2022-07-30T11:55:06.933Z"}
{"level":"info","message":"POST /graphql 200 56 - 2650.709 ms\n-\n","timestamp":"2022-07-30T11:55:06.953Z"}
{"level":"info","message":"POST /graphql 200 26824 - 15.397 ms\n-\n","timestamp":"2022-07-30T11:55:07.292Z"}
{"level":"info","message":"POST /graphql 200 26824 - 15.611 ms\n-\n","timestamp":"2022-07-30T11:55:08.131Z"}
{"level":"info","message":"POST /graphql 200 26824 - 46.992 ms\n-\n","timestamp":"2022-07-30T11:55:09.217Z"}
{"level":"debug","message":"--- Insert post into db ---","timestamp":"2022-07-30T11:56:00.003Z"}
{"level":"debug","message":[{"createdAt":"2022-07-04T07:16:38.315Z","id":1,"title":"First Post !!!","updatedAt":"2022-07-04T07:16:38.315Z"},{"createdAt":"2022-07-04T09:16:17.579Z","id":2,"title":"First Post !!!","updatedAt":"2022-07-04T09:16:17.579Z"},{"createdAt":"2022-07-04T11:12:00.434Z","id":3,"title":"Post from debugger","updatedAt":"2022-07-04T11:12:00.434Z"}],"timestamp":"2022-07-30T11:56:00.052Z"}
{"level":"debug","message":"Server Started at Port 8080","timestamp":"2022-07-30T11:56:00.363Z"}
{"level":"debug","message":"Server running on 7000 port","timestamp":"2022-07-30T11:56:00.367Z"}
{"level":"debug","message":"Connected to redis","timestamp":"2022-07-30T11:56:00.381Z"}
{"level":"debug","message":"--- Insert post into db ---","timestamp":"2022-07-30T12:14:08.070Z"}
{"level":"debug","message":[{"createdAt":"2022-07-04T07:16:38.315Z","id":1,"title":"First Post !!!","updatedAt":"2022-07-04T07:16:38.315Z"},{"createdAt":"2022-07-04T09:16:17.579Z","id":2,"title":"First Post !!!","updatedAt":"2022-07-04T09:16:17.579Z"},{"createdAt":"2022-07-04T11:12:00.434Z","id":3,"title":"Post from debugger","updatedAt":"2022-07-04T11:12:00.434Z"}],"timestamp":"2022-07-30T12:14:08.095Z"}
{"level":"debug","message":"Server Started at Port 8080","timestamp":"2022-07-30T12:14:08.321Z"}
{"level":"debug","message":"Server running on 7000 port","timestamp":"2022-07-30T12:14:08.324Z"}
{"level":"debug","message":"Connected to redis","timestamp":"2022-07-30T12:14:08.333Z"}
{"level":"info","message":"POST /graphql 200 26824 - 184.710 ms\n-\n","timestamp":"2022-07-30T12:14:33.903Z"}
{"level":"info","message":"POST /graphql 200 26824 - 83.311 ms\n-\n","timestamp":"2022-07-30T12:14:34.652Z"}
{"level":"debug","message":"--- Insert post into db ---","timestamp":"2022-07-30T12:20:41.442Z"}
{"level":"debug","message":[{"createdAt":"2022-07-04T07:16:38.315Z","id":1,"title":"First Post !!!","updatedAt":"2022-07-04T07:16:38.315Z"},{"createdAt":"2022-07-04T09:16:17.579Z","id":2,"title":"First Post !!!","updatedAt":"2022-07-04T09:16:17.579Z"},{"createdAt":"2022-07-04T11:12:00.434Z","id":3,"title":"Post from debugger","updatedAt":"2022-07-04T11:12:00.434Z"}],"timestamp":"2022-07-30T12:20:41.467Z"}
{"level":"debug","message":"Server Started at Port 8080","timestamp":"2022-07-30T12:20:41.779Z"}
{"level":"debug","message":"Server running on 7000 port","timestamp":"2022-07-30T12:20:41.781Z"}
{"level":"debug","message":"Connected to redis","timestamp":"2022-07-30T12:20:41.788Z"}
{"level":"info","message":"POST /graphql 200 26824 - 201.451 ms\n-\n","timestamp":"2022-07-30T12:20:55.421Z"}
{"level":"info","message":"POST /graphql 200 26824 - 20.785 ms\n-\n","timestamp":"2022-07-30T12:20:56.211Z"}
{"level":"info","message":"POST /graphql 200 26824 - 42.728 ms\n-\n","timestamp":"2022-07-30T12:20:57.203Z"}
{"level":"debug","message":{"accepted":["badsha@dollarbull.com"],"envelope":{"from":"foo@example.com","to":["badsha@dollarbull.com"]},"envelopeTime":398,"messageId":"<e5b1741d-8546-c606-02b6-d73c2770e167@example.com>","messageSize":434,"messageTime":333,"rejected":[],"response":"250 Accepted [STATUS=new MSGID=YuFPF5.i.1zoNmB0YuUiKcVsBJHciMwYAAAAK3DsS59HQsxNf9hz0ixnKQw]"},"timestamp":"2022-07-30T12:20:57.585Z"}
{"level":"debug","message":"<e5b1741d-8546-c606-02b6-d73c2770e167@example.com>","timestamp":"2022-07-30T12:20:57.588Z"}
{"level":"debug","message":"https://ethereal.email/message/YuFPF5.i.1zoNmB0YuUiKcVsBJHciMwYAAAAK3DsS59HQsxNf9hz0ixnKQw","timestamp":"2022-07-30T12:20:57.595Z"}
{"level":"info","message":"POST /graphql 200 56 - 2100.062 ms\n-\n","timestamp":"2022-07-30T12:20:57.605Z"}
{"level":"info","message":"POST /graphql 200 26824 - 30.457 ms\n-\n","timestamp":"2022-07-30T12:20:58.194Z"}
{"level":"info","message":"POST /graphql 200 26824 - 14.092 ms\n-\n","timestamp":"2022-07-30T12:20:59.161Z"}
{"level":"info","message":"POST /graphql 200 26824 - 21.266 ms\n-\n","timestamp":"2022-07-30T12:21:00.180Z"}
{"level":"info","message":"POST /graphql 200 26824 - 16.618 ms\n-\n","timestamp":"2022-07-30T12:21:01.176Z"}
{"level":"info","message":"POST /graphql 200 26824 - 36.933 ms\n-\n","timestamp":"2022-07-30T12:21:02.194Z"}
{"level":"debug","message":"--- Insert post into db ---","timestamp":"2022-07-30T12:55:30.962Z"}
{"level":"debug","message":[{"createdAt":"2022-07-04T07:16:38.315Z","id":1,"title":"First Post !!!","updatedAt":"2022-07-04T07:16:38.315Z"},{"createdAt":"2022-07-04T09:16:17.579Z","id":2,"title":"First Post !!!","updatedAt":"2022-07-04T09:16:17.579Z"},{"createdAt":"2022-07-04T11:12:00.434Z","id":3,"title":"Post from debugger","updatedAt":"2022-07-04T11:12:00.434Z"}],"timestamp":"2022-07-30T12:55:30.993Z"}
{"level":"debug","message":"Server Started at Port 8080","timestamp":"2022-07-30T12:55:31.276Z"}
{"level":"debug","message":"Server running on 7000 port","timestamp":"2022-07-30T12:55:31.278Z"}
{"level":"debug","message":"Connected to redis","timestamp":"2022-07-30T12:55:31.286Z"}
{"level":"info","message":"POST /graphql 200 27803 - 120.970 ms\n-\n","timestamp":"2022-07-30T13:00:11.777Z"}
{"level":"info","message":"POST /graphql 200 27803 - 89.803 ms\n-\n","timestamp":"2022-07-30T13:00:12.561Z"}
{"level":"info","message":"POST /graphql 200 27803 - 49.839 ms\n-\n","timestamp":"2022-07-30T13:00:13.530Z"}
{"level":"info","message":"POST /graphql 200 27803 - 48.268 ms\n-\n","timestamp":"2022-07-30T13:00:14.519Z"}
{"level":"debug","message":{"accepted":["badsha@dollarbull.com"],"envelope":{"from":"foo@example.com","to":["badsha@dollarbull.com"]},"envelopeTime":407,"messageId":"<4deee5e5-bdc2-e711-bab4-e46f05fce332@example.com>","messageSize":434,"messageTime":342,"rejected":[],"response":"250 Accepted [STATUS=new MSGID=YuFPF5.i.1zoNmB0YuUrX8VsBJHciMynAAAALJtIDxD9P-ULgraKhyBn10M]"},"timestamp":"2022-07-30T13:00:15.051Z"}
{"level":"debug","message":"<4deee5e5-bdc2-e711-bab4-e46f05fce332@example.com>","timestamp":"2022-07-30T13:00:15.054Z"}
{"level":"debug","message":"https://ethereal.email/message/YuFPF5.i.1zoNmB0YuUrX8VsBJHciMynAAAALJtIDxD9P-ULgraKhyBn10M","timestamp":"2022-07-30T13:00:15.064Z"}
{"level":"info","message":"POST /graphql 200 56 - 2251.948 ms\n-\n","timestamp":"2022-07-30T13:00:15.079Z"}
{"level":"info","message":"POST /graphql 200 27803 - 27.726 ms\n-\n","timestamp":"2022-07-30T13:00:15.488Z"}
{"level":"info","message":"POST /graphql 200 27803 - 16.544 ms\n-\n","timestamp":"2022-07-30T13:00:16.492Z"}
{"level":"info","message":"POST /graphql 200 27803 - 38.807 ms\n-\n","timestamp":"2022-07-30T13:00:17.514Z"}
{"level":"info","message":"POST /graphql 200 27803 - 14.001 ms\n-\n","timestamp":"2022-07-30T13:00:18.494Z"}
{"level":"info","message":"POST /graphql 200 27803 - 15.789 ms\n-\n","timestamp":"2022-07-30T13:00:19.520Z"}
{"level":"info","message":"POST /graphql 200 27803 - 16.592 ms\n-\n","timestamp":"2022-07-30T13:00:45.317Z"}
{"level":"info","message":"POST /graphql 200 27803 - 35.431 ms\n-\n","timestamp":"2022-07-30T13:00:46.354Z"}
{"level":"info","message":"POST /graphql 200 27803 - 27.338 ms\n-\n","timestamp":"2022-07-30T13:00:47.317Z"}
{"level":"info","message":"POST /graphql 200 27803 - 24.418 ms\n-\n","timestamp":"2022-07-30T13:00:48.404Z"}
{"level":"info","message":"POST /graphql 200 27803 - 12.726 ms\n-\n","timestamp":"2022-07-30T13:00:49.524Z"}
{"level":"info","message":"POST /graphql 200 27803 - 32.168 ms\n-\n","timestamp":"2022-07-30T13:00:50.349Z"}
{"level":"info","message":"POST /graphql 200 27803 - 61.637 ms\n-\n","timestamp":"2022-07-30T13:00:51.376Z"}
{"level":"info","message":"POST /graphql 200 27803 - 56.133 ms\n-\n","timestamp":"2022-07-30T13:00:52.368Z"}
{"level":"info","message":"POST /graphql 200 27803 - 44.374 ms\n-\n","timestamp":"2022-07-30T13:00:53.343Z"}
{"level":"info","message":"POST /graphql 200 27803 - 36.867 ms\n-\n","timestamp":"2022-07-30T13:00:54.338Z"}
{"level":"info","message":"POST /graphql 200 27803 - 47.804 ms\n-\n","timestamp":"2022-07-30T13:00:55.596Z"}
{"level":"info","message":"POST /graphql 200 27803 - 38.415 ms\n-\n","timestamp":"2022-07-30T13:00:56.335Z"}
{"level":"info","message":"POST /graphql 200 27803 - 41.074 ms\n-\n","timestamp":"2022-07-30T13:00:57.348Z"}
{"level":"info","message":"POST /graphql 200 27803 - 25.961 ms\n-\n","timestamp":"2022-07-30T13:00:58.470Z"}
{"level":"info","message":"POST /graphql 200 27803 - 30.455 ms\n-\n","timestamp":"2022-07-30T13:00:59.330Z"}
{"level":"info","message":"POST /graphql 200 27803 - 9.221 ms\n-\n","timestamp":"2022-07-30T13:01:00.375Z"}
{"level":"info","message":"POST /graphql 200 27803 - 16.657 ms\n-\n","timestamp":"2022-07-30T13:01:01.316Z"}
{"level":"info","message":"POST /graphql 200 27803 - 9.398 ms\n-\n","timestamp":"2022-07-30T13:01:02.295Z"}
{"level":"info","message":"POST /graphql 200 27803 - 9.144 ms\n-\n","timestamp":"2022-07-30T13:01:03.305Z"}
{"level":"info","message":"POST /graphql 200 27803 - 14.673 ms\n-\n","timestamp":"2022-07-30T13:01:04.305Z"}
{"level":"info","message":"POST /graphql 200 27803 - 22.270 ms\n-\n","timestamp":"2022-07-30T13:01:05.323Z"}
{"level":"info","message":"POST /graphql 200 27803 - 17.402 ms\n-\n","timestamp":"2022-07-30T13:01:06.328Z"}
{"level":"info","message":"POST /graphql 200 27803 - 28.762 ms\n-\n","timestamp":"2022-07-30T13:01:07.325Z"}
{"level":"info","message":"POST /graphql 200 27803 - 30.114 ms\n-\n","timestamp":"2022-07-30T13:01:08.332Z"}
{"level":"info","message":"POST /graphql 200 27803 - 21.617 ms\n-\n","timestamp":"2022-07-30T13:01:09.319Z"}
{"level":"info","message":"POST /graphql 200 27803 - 11.668 ms\n-\n","timestamp":"2022-07-30T13:01:10.304Z"}
{"level":"info","message":"POST /graphql 200 27803 - 16.211 ms\n-\n","timestamp":"2022-07-30T13:01:11.319Z"}
{"level":"info","message":"POST /graphql 200 27803 - 8.040 ms\n-\n","timestamp":"2022-07-30T13:01:12.299Z"}
{"level":"info","message":"POST /graphql 200 27803 - 15.721 ms\n-\n","timestamp":"2022-07-30T13:01:13.348Z"}
{"level":"info","message":"POST /graphql 200 27803 - 29.521 ms\n-\n","timestamp":"2022-07-30T13:01:14.325Z"}
{"level":"info","message":"POST /graphql 200 27803 - 30.630 ms\n-\n","timestamp":"2022-07-30T13:01:15.339Z"}
{"level":"info","message":"POST /graphql 200 27803 - 23.266 ms\n-\n","timestamp":"2022-07-30T13:01:16.322Z"}
{"level":"info","message":"POST /graphql 200 27803 - 28.167 ms\n-\n","timestamp":"2022-07-30T13:01:17.342Z"}
{"level":"info","message":"POST /graphql 200 27803 - 13.815 ms\n-\n","timestamp":"2022-07-30T13:01:18.309Z"}
{"level":"info","message":"POST /graphql 200 27803 - 29.938 ms\n-\n","timestamp":"2022-07-30T13:01:19.326Z"}
{"level":"info","message":"POST /graphql 200 27803 - 7.271 ms\n-\n","timestamp":"2022-07-30T13:01:20.305Z"}
{"level":"info","message":"POST /graphql 200 27803 - 10.130 ms\n-\n","timestamp":"2022-07-30T13:01:21.307Z"}
{"level":"info","message":"POST /graphql 200 27803 - 22.813 ms\n-\n","timestamp":"2022-07-30T13:01:22.321Z"}
{"level":"info","message":"POST /graphql 200 27803 - 7.762 ms\n-\n","timestamp":"2022-07-30T13:01:23.293Z"}
{"level":"info","message":"POST /graphql 200 27803 - 22.357 ms\n-\n","timestamp":"2022-07-30T13:01:24.328Z"}
{"level":"info","message":"POST /graphql 200 27803 - 19.069 ms\n-\n","timestamp":"2022-07-30T13:01:25.314Z"}
{"level":"info","message":"POST /graphql 200 27803 - 14.700 ms\n-\n","timestamp":"2022-07-30T13:01:26.308Z"}
{"level":"info","message":"POST /graphql 200 27803 - 5.485 ms\n-\n","timestamp":"2022-07-30T13:01:27.314Z"}
{"level":"info","message":"POST /graphql 200 27803 - 17.612 ms\n-\n","timestamp":"2022-07-30T13:01:28.328Z"}
{"level":"info","message":"POST /graphql 200 27803 - 24.470 ms\n-\n","timestamp":"2022-07-30T13:01:29.338Z"}
{"level":"info","message":"POST /graphql 200 27803 - 10.993 ms\n-\n","timestamp":"2022-07-30T13:01:30.304Z"}
{"level":"info","message":"POST /graphql 200 27803 - 35.282 ms\n-\n","timestamp":"2022-07-30T13:01:31.346Z"}
{"level":"info","message":"POST /graphql 200 101 - 17.753 ms\n-\n","timestamp":"2022-07-30T13:01:32.537Z"}
{"level":"info","message":"POST /graphql 200 27803 - 7.312 ms\n-\n","timestamp":"2022-07-30T13:01:32.559Z"}
{"level":"info","message":"POST /graphql 200 27803 - 26.971 ms\n-\n","timestamp":"2022-07-30T13:01:33.334Z"}
{"level":"info","message":"POST /graphql 200 27803 - 18.766 ms\n-\n","timestamp":"2022-07-30T13:01:34.322Z"}
{"level":"info","message":"POST /graphql 200 27803 - 29.059 ms\n-\n","timestamp":"2022-07-30T13:01:35.340Z"}
{"level":"info","message":"POST /graphql 200 27803 - 22.229 ms\n-\n","timestamp":"2022-07-30T13:01:36.331Z"}
{"level":"info","message":"POST /graphql 200 27803 - 20.484 ms\n-\n","timestamp":"2022-07-30T13:01:37.316Z"}
{"level":"info","message":"POST /graphql 200 27803 - 24.033 ms\n-\n","timestamp":"2022-07-30T13:01:38.328Z"}
{"level":"info","message":"POST /graphql 200 27803 - 26.733 ms\n-\n","timestamp":"2022-07-30T13:01:39.326Z"}
{"level":"info","message":"POST /graphql 200 27803 - 13.399 ms\n-\n","timestamp":"2022-07-30T13:01:40.409Z"}
{"level":"info","message":"POST /graphql 200 27803 - 21.718 ms\n-\n","timestamp":"2022-07-30T13:01:41.325Z"}
{"level":"info","message":"POST /graphql 200 27803 - 14.595 ms\n-\n","timestamp":"2022-07-30T13:01:42.319Z"}
{"level":"info","message":"POST /graphql 200 27803 - 8.526 ms\n-\n","timestamp":"2022-07-30T13:01:43.525Z"}
{"level":"debug","message":"--- Insert post into db ---","timestamp":"2022-07-30T13:03:33.818Z"}
{"level":"debug","message":[{"createdAt":"2022-07-04T07:16:38.315Z","id":1,"title":"First Post !!!","updatedAt":"2022-07-04T07:16:38.315Z"},{"createdAt":"2022-07-04T09:16:17.579Z","id":2,"title":"First Post !!!","updatedAt":"2022-07-04T09:16:17.579Z"},{"createdAt":"2022-07-04T11:12:00.434Z","id":3,"title":"Post from debugger","updatedAt":"2022-07-04T11:12:00.434Z"}],"timestamp":"2022-07-30T13:03:33.998Z"}
{"level":"debug","message":"Server Started at Port 8080","timestamp":"2022-07-30T13:03:34.439Z"}
{"level":"debug","message":"Server running on 7000 port","timestamp":"2022-07-30T13:03:34.441Z"}
{"level":"debug","message":"Connected to redis","timestamp":"2022-07-30T13:03:34.450Z"}
{"level":"info","message":"POST /graphql 200 27803 - 229.284 ms\n-\n","timestamp":"2022-07-30T13:09:23.025Z"}
{"level":"info","message":"POST /graphql 200 27803 - 32.898 ms\n-\n","timestamp":"2022-07-30T13:09:23.661Z"}
{"level":"info","message":"POST /graphql 200 27803 - 128.643 ms\n-\n","timestamp":"2022-07-30T13:09:44.045Z"}
{"level":"debug","message":"--- Insert post into db ---","timestamp":"2022-07-30T13:10:17.732Z"}
{"level":"debug","message":[{"createdAt":"2022-07-04T07:16:38.315Z","id":1,"title":"First Post !!!","updatedAt":"2022-07-04T07:16:38.315Z"},{"createdAt":"2022-07-04T09:16:17.579Z","id":2,"title":"First Post !!!","updatedAt":"2022-07-04T09:16:17.579Z"},{"createdAt":"2022-07-04T11:12:00.434Z","id":3,"title":"Post from debugger","updatedAt":"2022-07-04T11:12:00.434Z"}],"timestamp":"2022-07-30T13:10:17.758Z"}
{"level":"debug","message":"Server Started at Port 8080","timestamp":"2022-07-30T13:10:17.963Z"}
{"level":"debug","message":"Server running on 7000 port","timestamp":"2022-07-30T13:10:17.965Z"}
{"level":"debug","message":"Connected to redis","timestamp":"2022-07-30T13:10:17.978Z"}
{"level":"info","message":"POST /graphql 200 27803 - 94.300 ms\n-\n","timestamp":"2022-07-30T13:10:34.222Z"}
{"level":"info","message":"POST /graphql 200 27803 - 17.743 ms\n-\n","timestamp":"2022-07-30T13:10:35.104Z"}
{"level":"debug","message":"forget-password:2212675c-a7bf-4af4-b40b-c7a3a99a0a40","timestamp":"2022-07-30T13:10:35.636Z"}
{"level":"info","message":"POST /graphql 200 101 - 114.122 ms\n-\n","timestamp":"2022-07-30T13:10:35.668Z"}
{"level":"info","message":"POST /graphql 200 27803 - 14.041 ms\n-\n","timestamp":"2022-07-30T13:10:36.102Z"}
{"level":"info","message":"POST /graphql 200 27803 - 28.505 ms\n-\n","timestamp":"2022-07-30T13:10:37.172Z"}
{"level":"info","message":"POST /graphql 200 27803 - 46.709 ms\n-\n","timestamp":"2022-07-30T13:10:38.139Z"}
{"level":"info","message":"POST /graphql 200 27803 - 28.409 ms\n-\n","timestamp":"2022-07-30T13:10:39.340Z"}
{"level":"info","message":"POST /graphql 200 27803 - 38.070 ms\n-\n","timestamp":"2022-07-30T13:10:40.137Z"}
{"level":"debug","message":"--- Insert post into db ---","timestamp":"2022-07-30T13:12:26.865Z"}
{"level":"debug","message":[{"createdAt":"2022-07-04T07:16:38.315Z","id":1,"title":"First Post !!!","updatedAt":"2022-07-04T07:16:38.315Z"},{"createdAt":"2022-07-04T09:16:17.579Z","id":2,"title":"First Post !!!","updatedAt":"2022-07-04T09:16:17.579Z"},{"createdAt":"2022-07-04T11:12:00.434Z","id":3,"title":"Post from debugger","updatedAt":"2022-07-04T11:12:00.434Z"}],"timestamp":"2022-07-30T13:12:26.895Z"}
{"level":"debug","message":"Server Started at Port 8080","timestamp":"2022-07-30T13:12:27.152Z"}
{"level":"debug","message":"Server running on 7000 port","timestamp":"2022-07-30T13:12:27.154Z"}
{"level":"debug","message":"Connected to redis","timestamp":"2022-07-30T13:12:27.165Z"}
{"level":"info","message":"POST /graphql 200 27803 - 89.084 ms\n-\n","timestamp":"2022-07-30T13:12:27.288Z"}
{"level":"info","message":"POST /graphql 200 27803 - 22.356 ms\n-\n","timestamp":"2022-07-30T13:12:27.321Z"}
{"level":"info","message":"POST /graphql 200 27803 - 24.743 ms\n-\n","timestamp":"2022-07-30T13:12:27.353Z"}
{"level":"info","message":"POST /graphql 200 27803 - 9.717 ms\n-\n","timestamp":"2022-07-30T13:12:27.367Z"}
{"level":"info","message":"POST /graphql 200 27803 - 9.692 ms\n-\n","timestamp":"2022-07-30T13:12:27.600Z"}
{"level":"info","message":"POST /graphql 200 27803 - 18.282 ms\n-\n","timestamp":"2022-07-30T13:12:28.342Z"}
{"level":"info","message":"POST /graphql 200 27803 - 14.634 ms\n-\n","timestamp":"2022-07-30T13:12:29.330Z"}
{"level":"info","message":"POST /graphql 200 27803 - 15.423 ms\n-\n","timestamp":"2022-07-30T13:12:30.341Z"}
{"level":"debug","message":"forget-password:2212675c-a7bf-4af4-b40b-c7a3a99a0a40","timestamp":"2022-07-30T13:12:31.548Z"}
{"level":"info","message":"POST /graphql 200 101 - 33.973 ms\n-\n","timestamp":"2022-07-30T13:12:31.560Z"}
{"level":"info","message":"POST /graphql 200 27803 - 15.268 ms\n-\n","timestamp":"2022-07-30T13:12:31.581Z"}
{"level":"info","message":"POST /graphql 200 27803 - 19.645 ms\n-\n","timestamp":"2022-07-30T13:12:32.339Z"}
{"level":"info","message":"POST /graphql 200 27803 - 40.704 ms\n-\n","timestamp":"2022-07-30T13:12:33.364Z"}
{"level":"info","message":"POST /graphql 200 27803 - 32.076 ms\n-\n","timestamp":"2022-07-30T13:12:34.360Z"}
{"level":"info","message":"POST /graphql 200 27803 - 22.027 ms\n-\n","timestamp":"2022-07-30T13:12:35.344Z"}
{"level":"info","message":"POST /graphql 200 27803 - 22.279 ms\n-\n","timestamp":"2022-07-30T13:12:36.483Z"}
{"level":"info","message":"POST /graphql 200 27803 - 34.793 ms\n-\n","timestamp":"2022-07-30T13:19:50.210Z"}
{"level":"info","message":"POST /graphql 200 27803 - 28.942 ms\n-\n","timestamp":"2022-07-30T13:19:51.132Z"}
{"level":"info","message":"POST /graphql 200 27803 - 17.501 ms\n-\n","timestamp":"2022-07-30T13:19:52.142Z"}
{"level":"info","message":"POST /graphql 200 27803 - 36.753 ms\n-\n","timestamp":"2022-07-30T13:19:53.144Z"}
{"level":"info","message":"POST /graphql 200 27803 - 41.380 ms\n-\n","timestamp":"2022-07-30T13:19:54.132Z"}
{"level":"info","message":"POST /graphql 200 27803 - 18.127 ms\n-\n","timestamp":"2022-07-30T13:19:55.101Z"}
{"level":"info","message":"POST /graphql 200 27803 - 14.698 ms\n-\n","timestamp":"2022-07-30T13:19:56.107Z"}
{"level":"info","message":"POST /graphql 200 27803 - 14.602 ms\n-\n","timestamp":"2022-07-30T13:19:57.106Z"}
{"level":"info","message":"POST /graphql 200 27803 - 45.508 ms\n-\n","timestamp":"2022-07-30T13:19:58.147Z"}
{"level":"info","message":"POST /graphql 200 27803 - 39.237 ms\n-\n","timestamp":"2022-07-30T13:19:59.131Z"}
{"level":"info","message":"POST /graphql 200 27803 - 32.515 ms\n-\n","timestamp":"2022-07-30T13:20:00.132Z"}
{"level":"info","message":"POST /graphql 200 27803 - 8.724 ms\n-\n","timestamp":"2022-07-30T13:20:01.094Z"}
{"level":"info","message":"POST /graphql 200 27803 - 24.960 ms\n-\n","timestamp":"2022-07-30T13:20:02.150Z"}
{"level":"info","message":"POST /graphql 200 141 - 7.719 ms\n-\n","timestamp":"2022-07-30T13:20:03.190Z"}
{"level":"info","message":"POST /graphql 200 27803 - 13.063 ms\n-\n","timestamp":"2022-07-30T13:20:03.230Z"}
{"level":"info","message":"POST /graphql 200 27803 - 31.281 ms\n-\n","timestamp":"2022-07-30T13:20:04.134Z"}
{"level":"info","message":"POST /graphql 200 27803 - 21.158 ms\n-\n","timestamp":"2022-07-30T13:20:05.113Z"}
{"level":"info","message":"POST /graphql 200 27803 - 37.221 ms\n-\n","timestamp":"2022-07-30T13:20:06.132Z"}
{"level":"info","message":"POST /graphql 200 27803 - 12.613 ms\n-\n","timestamp":"2022-07-30T13:20:07.094Z"}
{"level":"info","message":"POST /graphql 200 27803 - 61.284 ms\n-\n","timestamp":"2022-07-30T13:20:10.657Z"}
{"level":"info","message":"POST /graphql 200 27803 - 25.362 ms\n-\n","timestamp":"2022-07-30T13:21:05.996Z"}
{"level":"info","message":"POST /graphql 200 27803 - 12.898 ms\n-\n","timestamp":"2022-07-30T13:21:06.905Z"}
{"level":"info","message":"POST /graphql 200 27803 - 29.866 ms\n-\n","timestamp":"2022-07-30T13:21:53.678Z"}
{"level":"debug","message":"--- Insert post into db ---","timestamp":"2022-07-30T13:23:22.016Z"}
{"level":"debug","message":[{"createdAt":"2022-07-04T07:16:38.315Z","id":1,"title":"First Post !!!","updatedAt":"2022-07-04T07:16:38.315Z"},{"createdAt":"2022-07-04T09:16:17.579Z","id":2,"title":"First Post !!!","updatedAt":"2022-07-04T09:16:17.579Z"},{"createdAt":"2022-07-04T11:12:00.434Z","id":3,"title":"Post from debugger","updatedAt":"2022-07-04T11:12:00.434Z"}],"timestamp":"2022-07-30T13:23:22.039Z"}
{"level":"debug","message":"Server Started at Port 8080","timestamp":"2022-07-30T13:23:22.227Z"}
{"level":"debug","message":"Server running on 7000 port","timestamp":"2022-07-30T13:23:22.230Z"}
{"level":"debug","message":"Connected to redis","timestamp":"2022-07-30T13:23:22.237Z"}
{"level":"info","message":"POST /graphql 200 27803 - 78.363 ms\n-\n","timestamp":"2022-07-30T13:23:29.328Z"}
{"level":"info","message":"POST /graphql 200 141 - 103.874 ms\n-\n","timestamp":"2022-07-30T13:23:30.321Z"}
{"level":"info","message":"POST /graphql 200 27803 - 26.104 ms\n-\n","timestamp":"2022-07-30T13:23:30.359Z"}
{"level":"info","message":"POST /graphql 200 27803 - 28.386 ms\n-\n","timestamp":"2022-07-30T13:23:31.242Z"}
{"level":"info","message":"POST /graphql 200 27803 - 53.636 ms\n-\n","timestamp":"2022-07-30T13:23:32.206Z"}
{"level":"info","message":"POST /graphql 200 27803 - 28.172 ms\n-\n","timestamp":"2022-07-30T13:23:33.166Z"}
{"level":"info","message":"POST /graphql 200 27803 - 10.380 ms\n-\n","timestamp":"2022-07-30T13:23:34.156Z"}
{"level":"info","message":"POST /graphql 200 27803 - 37.773 ms\n-\n","timestamp":"2022-07-30T13:23:35.188Z"}
{"level":"info","message":"POST /graphql 200 27803 - 66.307 ms\n-\n","timestamp":"2022-07-30T13:23:36.242Z"}
{"level":"debug","message":"forget-password:2212675c-a7bf-4af4-b40b-c7a3a99a0a40","timestamp":"2022-07-30T13:23:37.333Z"}
{"level":"info","message":"POST /graphql 200 27803 - 11.905 ms\n-\n","timestamp":"2022-07-30T13:23:37.507Z"}
{"level":"info","message":"POST /graphql 200 60 - 340.896 ms\n-\n","timestamp":"2022-07-30T13:23:37.680Z"}
{"level":"info","message":"POST /graphql 200 27803 - 28.848 ms\n-\n","timestamp":"2022-07-30T13:23:38.153Z"}
{"level":"info","message":"POST /graphql 200 27803 - 20.023 ms\n-\n","timestamp":"2022-07-30T13:23:39.144Z"}
{"level":"info","message":"POST /graphql 200 27803 - 30.604 ms\n-\n","timestamp":"2022-07-30T13:23:40.156Z"}
{"level":"info","message":"POST /graphql 200 27803 - 40.334 ms\n-\n","timestamp":"2022-07-30T13:23:41.178Z"}
{"level":"info","message":"POST /graphql 200 27803 - 12.314 ms\n-\n","timestamp":"2022-07-30T13:23:42.284Z"}
{"level":"info","message":"POST /graphql 200 27803 - 12.952 ms\n-\n","timestamp":"2022-07-30T13:23:43.148Z"}
{"level":"debug","message":"--- Insert post into db ---","timestamp":"2022-07-30T13:24:28.568Z"}
{"level":"debug","message":[{"createdAt":"2022-07-04T07:16:38.315Z","id":1,"title":"First Post !!!","updatedAt":"2022-07-04T07:16:38.315Z"},{"createdAt":"2022-07-04T09:16:17.579Z","id":2,"title":"First Post !!!","updatedAt":"2022-07-04T09:16:17.579Z"},{"createdAt":"2022-07-04T11:12:00.434Z","id":3,"title":"Post from debugger","updatedAt":"2022-07-04T11:12:00.434Z"}],"timestamp":"2022-07-30T13:24:28.593Z"}
{"level":"debug","message":"Server Started at Port 8080","timestamp":"2022-07-30T13:24:28.806Z"}
{"level":"debug","message":"Server running on 7000 port","timestamp":"2022-07-30T13:24:28.808Z"}
{"level":"debug","message":"Connected to redis","timestamp":"2022-07-30T13:24:28.821Z"}
{"level":"info","message":"POST /graphql 200 27803 - 140.720 ms\n-\n","timestamp":"2022-07-30T13:28:06.086Z"}
{"level":"info","message":"POST /graphql 200 27803 - 22.412 ms\n-\n","timestamp":"2022-07-30T13:28:06.781Z"}
